<?xml version="1.0" encoding="UTF-8"?>
<testsuite name="T6 Gateway Check - Open API Project.OAuth: Pre Test Setup" tests="1" failures="1" errors="0" time="1.216"><properties>
[...]
</properties><testcase name="1. Card: 68497188014 Client: EBAY Property: tokenAttachedToCollector" time="1.216"><failure type="Cancelling due to failed test step" message="Cancelling due to failed test step"><![CDATA[<h3><b>Req B Failed</b></h3><pre>[Script Assertion] Cannot invoke method getAt() on null object
</pre><hr/>]]></failure></testcase></testsuite>